<?xml version="1.0" encoding="UTF-8"?>
<testsuites name="jest tests" tests="3" failures="0" errors="0" time="4.276">
  <testsuite name="undefined" errors="0" failures="0" skipped="0" timestamp="2025-07-29T18:18:48" time="4.021" tests="3">
    <testcase classname=" null" name=" null" time="0.003">
    </testcase>
    <testcase classname=" zero" name=" zero" time="0">
    </testcase>
    <testcase classname=" one" name=" one" time="0.001">
    </testcase>
  </testsuite>
</testsuites>